<?xml version="1.0" encoding="UTF-8"?>
<testng-results ignored="0" total="2" passed="2" failed="0" skipped="0">
  <reporter-output>
  </reporter-output>
  <suite started-at="2024-05-13T07:14:32Z" name="Default suite" finished-at="2024-05-13T07:14:32Z" duration-ms="34">
    <groups>
      <group name="Regression">
        <method signature="TestNgGroups.tc6()[pri:0, instance:testngframework.TestNgGroups@3f91b517]" name="tc6" class="testngframework.TestNgGroups"/>
      </group> <!-- Regression -->
      <group name="Smoke">
        <method signature="TestNgGroups.tc5()[pri:0, instance:testngframework.TestNgGroups@3f91b517]" name="tc5" class="testngframework.TestNgGroups"/>
        <method signature="TestNgGroups.tc6()[pri:0, instance:testngframework.TestNgGroups@3f91b517]" name="tc6" class="testngframework.TestNgGroups"/>
      </group> <!-- Smoke -->
    </groups>
    <test started-at="2024-05-13T07:14:32Z" name="Default test" finished-at="2024-05-13T07:14:32Z" duration-ms="34">
      <class name="testngframework.TestNgGroups">
        <test-method signature="tc5()[pri:0, instance:testngframework.TestNgGroups@3f91b517]" started-at="2024-05-13T07:14:32Z" name="tc5" finished-at="2024-05-13T07:14:32Z" duration-ms="10" status="PASS">
          <reporter-output>
          </reporter-output>
        </test-method> <!-- tc5 -->
        <test-method signature="tc6()[pri:0, instance:testngframework.TestNgGroups@3f91b517]" started-at="2024-05-13T07:14:32Z" name="tc6" finished-at="2024-05-13T07:14:32Z" duration-ms="1" status="PASS">
          <reporter-output>
          </reporter-output>
        </test-method> <!-- tc6 -->
      </class> <!-- testngframework.TestNgGroups -->
    </test> <!-- Default test -->
  </suite> <!-- Default suite -->
</testng-results>
